<?xml version="1.0" encoding="UTF-8"?>
<testsuite name="CinemaTests" tests="1" skipped="0" failures="0" errors="0" timestamp="2022-08-16T14:47:59" hostname="DESKTOP-5U6L102" time="4.675">
  <properties/>
  <testcase name="start" classname="CinemaTests" time="4.675"/>
  <system-out><![CDATA[?[1;31m
Start test 1?[0m
 __    __   __          __    __       _______. __  
|  |  |  | |  |        |  |  |  |     /       ||  | 
|  |__|  | |  |        |  |__|  |    |   (----`|  | 
|   __   | |  |        |   __   |     \   \    |  | 
|  |  |  | |  |  __    |  |  |  | .----)   |   |__| 
|__|  |__| |__| (_ )   |__|  |__| |_______/    (__) 
                 |/           

2022-08-16 18:48:00.634  INFO 10168 --- [    Test worker] cinema.Main                              : Starting Main using Java 17.0.2 on DESKTOP-5U6L102 with PID 10168 (started by sergdm in C:\java\hyperskill.org\Cinema Room REST Service\Cinema Room REST Service\task)
2022-08-16 18:48:00.634  INFO 10168 --- [    Test worker] cinema.Main                              : No active profile set, falling back to default profiles: default
2022-08-16 18:48:02.442  INFO 10168 --- [    Test worker] o.s.b.w.embedded.tomcat.TomcatWebServer  : Tomcat initialized with port(s): 28852 (http)
2022-08-16 18:48:02.462  INFO 10168 --- [    Test worker] o.apache.catalina.core.StandardService   : Starting service [Tomcat]
2022-08-16 18:48:02.462  INFO 10168 --- [    Test worker] org.apache.catalina.core.StandardEngine  : Starting Servlet engine: [Apache Tomcat/9.0.54]
2022-08-16 18:48:02.592  INFO 10168 --- [    Test worker] o.a.c.c.C.[Tomcat].[localhost].[/]       : Initializing Spring embedded WebApplicationContext
2022-08-16 18:48:02.592  INFO 10168 --- [    Test worker] w.s.c.ServletWebServerApplicationContext : Root WebApplicationContext: initialization completed in 1875 ms
2022-08-16 18:48:03.480  INFO 10168 --- [    Test worker] o.s.b.a.e.web.EndpointLinksResolver      : Exposing 14 endpoint(s) beneath base path '/actuator'
2022-08-16 18:48:03.540  INFO 10168 --- [    Test worker] o.s.b.w.embedded.tomcat.TomcatWebServer  : Tomcat started on port(s): 28852 (http) with context path ''
2022-08-16 18:48:03.560  INFO 10168 --- [    Test worker] cinema.Main                              : Started Main in 3.491 seconds (JVM running for 4.565)
2022-08-16 18:48:03.981  INFO 10168 --- [io-28852-exec-1] o.a.c.c.C.[Tomcat].[localhost].[/]       : Initializing Spring DispatcherServlet 'dispatcherServlet'
2022-08-16 18:48:03.981  INFO 10168 --- [io-28852-exec-1] o.s.web.servlet.DispatcherServlet        : Initializing Servlet 'dispatcherServlet'
2022-08-16 18:48:03.981  INFO 10168 --- [io-28852-exec-1] o.s.web.servlet.DispatcherServlet        : Completed initialization in 0 ms
?[1;31m
Start test 2?[0m
?[1;31m
Start test 3?[0m
?[1;31m
Start test 4?[0m
?[1;31m
Start test 5?[0m
?[1;31m
Start test 6?[0m
?[1;31m
Start test 7?[0m
?[1;31m
Start test 8?[0m
?[1;31m
Start test 9?[0m
?[1;31m
Start test 10?[0m
?[1;31m
Start test 11?[0m
?[1;31m
Start test 12?[0m
]]></system-out>
  <system-err><![CDATA[]]></system-err>
</testsuite>
